
  .   ____          _            __ _ _
 /\\ / ___'_ __ _ _(_)_ __  __ _ \ \ \ \
( ( )\___ | '_ | '_| | '_ \/ _` | \ \ \ \
 \\/  ___)| |_)| | | | | || (_| |  ) ) ) )
  '  |____| .__|_| |_|_| |_\__, | / / / /
 =========|_|==============|___/=/_/_/_/
 :: Spring Boot ::        (v1.5.7.RELEASE)

2018-10-06 22:08:44.941  INFO 9359 --- [           main] com.springview.SpringView                : Starting SpringView v1.0 on laszlobalint-Inspiron-7560 with PID 9359 (/media/laszlobalint/9055880a-8820-47e7-8ab9-d9921076d43f/spring/SpringView_Blog/springview-1.0.jar started by laszlobalint in /media/laszlobalint/9055880a-8820-47e7-8ab9-d9921076d43f/spring/SpringView_Blog)
2018-10-06 22:08:44.950  INFO 9359 --- [           main] com.springview.SpringView                : No active profile set, falling back to default profiles: default
2018-10-06 22:08:45.526  INFO 9359 --- [           main] ationConfigEmbeddedWebApplicationContext : Refreshing org.springframework.boot.context.embedded.AnnotationConfigEmbeddedWebApplicationContext@77a567e1: startup date [Sat Oct 06 22:08:45 CEST 2018]; root of context hierarchy
2018-10-06 22:08:48.660  INFO 9359 --- [           main] s.b.c.e.t.TomcatEmbeddedServletContainer : Tomcat initialized with port(s): 9000 (http)
2018-10-06 22:08:48.688  INFO 9359 --- [           main] o.apache.catalina.core.StandardService   : Starting service [Tomcat]
2018-10-06 22:08:48.693  INFO 9359 --- [           main] org.apache.catalina.core.StandardEngine  : Starting Servlet Engine: Apache Tomcat/8.5.20
2018-10-06 22:08:48.848  INFO 9359 --- [ost-startStop-1] o.a.c.c.C.[Tomcat].[localhost].[/]       : Initializing Spring embedded WebApplicationContext
2018-10-06 22:08:48.849  INFO 9359 --- [ost-startStop-1] o.s.web.context.ContextLoader            : Root WebApplicationContext: initialization completed in 3332 ms
2018-10-06 22:08:49.105  INFO 9359 --- [ost-startStop-1] o.s.b.w.servlet.ServletRegistrationBean  : Mapping servlet: 'dispatcherServlet' to [/]
2018-10-06 22:08:49.110  INFO 9359 --- [ost-startStop-1] o.s.b.w.servlet.FilterRegistrationBean   : Mapping filter: 'characterEncodingFilter' to: [/*]
2018-10-06 22:08:49.110  INFO 9359 --- [ost-startStop-1] o.s.b.w.servlet.FilterRegistrationBean   : Mapping filter: 'hiddenHttpMethodFilter' to: [/*]
2018-10-06 22:08:49.111  INFO 9359 --- [ost-startStop-1] o.s.b.w.servlet.FilterRegistrationBean   : Mapping filter: 'httpPutFormContentFilter' to: [/*]
2018-10-06 22:08:49.111  INFO 9359 --- [ost-startStop-1] o.s.b.w.servlet.FilterRegistrationBean   : Mapping filter: 'requestContextFilter' to: [/*]
2018-10-06 22:08:56.627  INFO 9359 --- [           main] j.LocalContainerEntityManagerFactoryBean : Building JPA container EntityManagerFactory for persistence unit 'default'
2018-10-06 22:08:56.660  INFO 9359 --- [           main] o.hibernate.jpa.internal.util.LogHelper  : HHH000204: Processing PersistenceUnitInfo [
	name: default
	...]
2018-10-06 22:08:56.943  INFO 9359 --- [           main] org.hibernate.Version                    : HHH000412: Hibernate Core {5.0.12.Final}
2018-10-06 22:08:56.944  INFO 9359 --- [           main] org.hibernate.cfg.Environment            : HHH000206: hibernate.properties not found
2018-10-06 22:08:56.945  INFO 9359 --- [           main] org.hibernate.cfg.Environment            : HHH000021: Bytecode provider name : javassist
2018-10-06 22:08:57.001  INFO 9359 --- [           main] o.hibernate.annotations.common.Version   : HCANN000001: Hibernate Commons Annotations {5.0.1.Final}
2018-10-06 22:08:57.251  INFO 9359 --- [           main] org.hibernate.dialect.Dialect            : HHH000400: Using dialect: org.hibernate.dialect.PostgreSQLDialect
